2025-05-28 10:46:57.369 [main] INFO  c.e.chatserver.ChatserverApplication - Starting ChatserverApplication using Java 17.0.14 with PID 43168 (C:\Users\82108\Desktop\PARK_BH\chatserver\build\classes\java\main started by 82108 in C:\Users\82108\Desktop\PARK_BH\chatserver)
2025-05-28 10:46:57.372 [main] INFO  c.e.chatserver.ChatserverApplication - No active profile set, falling back to 1 default profile: "default"
2025-05-28 10:47:00.214 [main] INFO  o.s.d.r.c.RepositoryConfigurationDelegate - Multiple Spring Data modules found, entering strict repository configuration mode
2025-05-28 10:47:00.219 [main] INFO  o.s.d.r.c.RepositoryConfigurationDelegate - Bootstrapping Spring Data JPA repositories in DEFAULT mode.
2025-05-28 10:47:00.568 [main] INFO  o.s.d.r.c.RepositoryConfigurationDelegate - Finished Spring Data repository scanning in 336 ms. Found 1 JPA repository interface.
2025-05-28 10:47:00.638 [main] INFO  o.s.d.r.c.RepositoryConfigurationDelegate - Multiple Spring Data modules found, entering strict repository configuration mode
2025-05-28 10:47:00.640 [main] INFO  o.s.d.r.c.RepositoryConfigurationDelegate - Bootstrapping Spring Data Redis repositories in DEFAULT mode.
2025-05-28 10:47:00.669 [main] INFO  o.s.d.r.c.RepositoryConfigurationExtensionSupport - Spring Data Redis - Could not safely identify store assignment for repository candidate interface com.example.chatserver.member.repository.MemberRepository; If you want this repository to be a Redis repository, consider annotating your entities with one of these annotations: org.springframework.data.redis.core.RedisHash (preferred), or consider extending one of the following types with your repository: org.springframework.data.keyvalue.repository.KeyValueRepository
2025-05-28 10:47:00.669 [main] INFO  o.s.d.r.c.RepositoryConfigurationDelegate - Finished Spring Data repository scanning in 7 ms. Found 0 Redis repository interfaces.
2025-05-28 10:47:01.270 [main] INFO  o.s.b.w.e.tomcat.TomcatWebServer - Tomcat initialized with port 8080 (http)
2025-05-28 10:47:01.282 [main] INFO  o.a.coyote.http11.Http11NioProtocol - Initializing ProtocolHandler ["http-nio-8080"]
2025-05-28 10:47:01.283 [main] INFO  o.a.catalina.core.StandardService - Starting service [Tomcat]
2025-05-28 10:47:01.284 [main] INFO  o.a.catalina.core.StandardEngine - Starting Servlet engine: [Apache Tomcat/10.1.41]
2025-05-28 10:47:01.334 [main] INFO  o.a.c.c.C.[Tomcat].[localhost].[/] - Initializing Spring embedded WebApplicationContext
2025-05-28 10:47:01.335 [main] INFO  o.s.b.w.s.c.ServletWebServerApplicationContext - Root WebApplicationContext: initialization completed in 3898 ms
2025-05-28 10:47:01.493 [main] INFO  o.h.jpa.internal.util.LogHelper - HHH000204: Processing PersistenceUnitInfo [name: default]
2025-05-28 10:47:01.570 [main] INFO  org.hibernate.Version - HHH000412: Hibernate ORM core version 6.6.15.Final
2025-05-28 10:47:01.601 [main] INFO  o.h.c.i.RegionFactoryInitiator - HHH000026: Second-level cache disabled
2025-05-28 10:47:01.887 [main] INFO  o.s.o.j.p.SpringPersistenceUnitInfo - No LoadTimeWeaver setup: ignoring JPA class transformer
2025-05-28 10:47:01.913 [main] INFO  com.zaxxer.hikari.HikariDataSource - HikariPool-1 - Starting...
2025-05-28 10:47:02.116 [main] INFO  com.zaxxer.hikari.pool.HikariPool - HikariPool-1 - Added connection com.mysql.cj.jdbc.ConnectionImpl@76ed7573
2025-05-28 10:47:02.118 [main] INFO  com.zaxxer.hikari.HikariDataSource - HikariPool-1 - Start completed.
2025-05-28 10:47:02.180 [main] WARN  org.hibernate.orm.deprecation - HHH90000025: MySQL8Dialect does not need to be specified explicitly using 'hibernate.dialect' (remove the property setting and it will be selected by default)
2025-05-28 10:47:02.181 [main] WARN  org.hibernate.orm.deprecation - HHH90000026: MySQL8Dialect has been deprecated; use org.hibernate.dialect.MySQLDialect instead
2025-05-28 10:47:02.199 [main] INFO  o.hibernate.orm.connections.pooling - HHH10001005: Database info:
	Database JDBC URL [Connecting through datasource 'HikariDataSource (HikariPool-1)']
	Database driver: undefined/unknown
	Database version: 8.0
	Autocommit mode: undefined/unknown
	Isolation level: undefined/unknown
	Minimum pool size: undefined/unknown
	Maximum pool size: undefined/unknown
2025-05-28 10:47:02.877 [main] INFO  o.h.e.t.j.p.i.JtaPlatformInitiator - HHH000489: No JTA platform available (set 'hibernate.transaction.jta.platform' to enable JTA platform integration)
2025-05-28 10:47:03.007 [main] INFO  o.s.o.j.LocalContainerEntityManagerFactoryBean - Initialized JPA EntityManagerFactory for persistence unit 'default'
2025-05-28 10:47:03.344 [main] WARN  o.s.b.a.o.j.JpaBaseConfiguration$JpaWebConfiguration - spring.jpa.open-in-view is enabled by default. Therefore, database queries may be performed during view rendering. Explicitly configure spring.jpa.open-in-view to disable this warning
2025-05-28 10:47:03.367 [main] WARN  o.s.b.a.s.s.UserDetailsServiceAutoConfiguration - 

Using generated security password: 3afdc622-dd7e-4640-aca2-b9fc6959dd49

This generated password is for development use only. Your security configuration must be updated before running your application in production.

2025-05-28 10:47:03.374 [main] INFO  o.s.s.c.a.a.c.InitializeUserDetailsBeanManagerConfigurer$InitializeUserDetailsManagerConfigurer - Global AuthenticationManager configured with UserDetailsService bean with name inMemoryUserDetailsManager
2025-05-28 10:47:04.237 [main] INFO  o.a.coyote.http11.Http11NioProtocol - Starting ProtocolHandler ["http-nio-8080"]
2025-05-28 10:47:04.256 [main] INFO  o.s.b.w.e.tomcat.TomcatWebServer - Tomcat started on port 8080 (http) with context path '/'
2025-05-28 10:47:04.262 [main] INFO  c.e.chatserver.ChatserverApplication - Started ChatserverApplication in 7.9 seconds (process running for 8.516)
2025-05-28 10:47:33.129 [http-nio-8080-exec-2] INFO  o.a.c.c.C.[Tomcat].[localhost].[/] - Initializing Spring DispatcherServlet 'dispatcherServlet'
2025-05-28 10:47:33.130 [http-nio-8080-exec-2] INFO  o.s.web.servlet.DispatcherServlet - Initializing Servlet 'dispatcherServlet'
2025-05-28 10:47:33.131 [http-nio-8080-exec-2] INFO  o.s.web.servlet.DispatcherServlet - Completed initialization in 1 ms
2025-05-28 10:47:33.242 [http-nio-8080-exec-2] INFO  c.e.c.c.c.SimpleWebSocketHandler - 새로운 웹소켓 연결이 설정되었습니다. 세션 ID: cd6ba066-51da-00ac-7b52-7a474c3947e0
2025-05-28 10:47:41.628 [http-nio-8080-exec-1] INFO  c.e.c.c.c.SimpleWebSocketHandler - 웹소켓 연결이 종료되었습니다. 세션 ID: cd6ba066-51da-00ac-7b52-7a474c3947e0, 상태: CloseStatus[code=1000, reason=null]
2025-05-28 10:47:45.711 [http-nio-8080-exec-3] INFO  c.e.c.c.c.SimpleWebSocketHandler - 새로운 웹소켓 연결이 설정되었습니다. 세션 ID: dd4ee7f5-baf9-3268-674e-887ae9f2bd12
2025-05-28 10:47:50.144 [http-nio-8080-exec-6] INFO  c.e.c.c.c.SimpleWebSocketHandler - 메시지 수신: hello (세션 ID: dd4ee7f5-baf9-3268-674e-887ae9f2bd12)
2025-05-28 10:47:56.766 [http-nio-8080-exec-5] INFO  c.e.c.c.c.SimpleWebSocketHandler - 웹소켓 연결이 종료되었습니다. 세션 ID: dd4ee7f5-baf9-3268-674e-887ae9f2bd12, 상태: CloseStatus[code=1000, reason=null]
2025-05-28 10:50:47.390 [http-nio-8080-exec-7] INFO  c.e.c.c.c.SimpleWebSocketHandler - 새로운 웹소켓 연결이 설정되었습니다. 세션 ID: 6288b5a2-4ff5-ceca-4c17-4a4c0d0f68ff
2025-05-28 10:50:49.807 [http-nio-8080-exec-4] INFO  c.e.c.c.c.SimpleWebSocketHandler - 새로운 웹소켓 연결이 설정되었습니다. 세션 ID: 3a0010e2-c2bf-c9b6-b6e5-248e957ec503
2025-05-28 10:50:53.408 [http-nio-8080-exec-8] INFO  c.e.c.c.c.SimpleWebSocketHandler - 메시지 수신: hello 1 (세션 ID: 3a0010e2-c2bf-c9b6-b6e5-248e957ec503)
2025-05-28 10:50:59.273 [http-nio-8080-exec-9] INFO  c.e.c.c.c.SimpleWebSocketHandler - 메시지 수신: hello 2 (세션 ID: 6288b5a2-4ff5-ceca-4c17-4a4c0d0f68ff)
2025-05-28 10:51:29.288 [http-nio-8080-exec-2] INFO  c.e.c.c.c.SimpleWebSocketHandler - 웹소켓 연결이 종료되었습니다. 세션 ID: 3a0010e2-c2bf-c9b6-b6e5-248e957ec503, 상태: CloseStatus[code=1000, reason=null]
2025-05-28 10:51:29.288 [http-nio-8080-exec-10] INFO  c.e.c.c.c.SimpleWebSocketHandler - 웹소켓 연결이 종료되었습니다. 세션 ID: 6288b5a2-4ff5-ceca-4c17-4a4c0d0f68ff, 상태: CloseStatus[code=1000, reason=null]
